<?xml version="1.0" encoding="UTF-8"?>
<!-- Generated by org.testng.reporters.JUnitReportReporter -->
<testsuite hostname="DESKTOP-JOJOQG5" name="pack1.Prop" tests="1" failures="0" timestamp="12 Oct 2017 16:53:23 GMT" time="0.018" errors="0">
  <testcase name="m1" time="0.018" classname="pack1.Prop"/>
</testsuite> <!-- pack1.Prop -->
