<?xml version="1.0" encoding="UTF-8"?>
<!-- Generated by org.testng.reporters.JUnitReportReporter -->
<testsuite hostname="DESKTOP-JOJOQG5" name="pack1.Actions1" tests="2" failures="0" timestamp="13 Nov 2017 07:56:15 GMT" time="39.655" errors="0">
  <testcase name="m1" time="19.452" classname="pack1.Actions1"/>
  <testcase name="m2" time="20.203" classname="pack1.Actions1"/>
</testsuite> <!-- pack1.Actions1 -->
