<?xml version="1.0" encoding="UTF-8"?>
<!-- Generated by org.testng.reporters.JUnitReportReporter -->
<testsuite hostname="DESKTOP-JOJOQG5" name="pack1.For" tests="1" failures="0" timestamp="4 Oct 2017 09:36:21 GMT" time="0.001" errors="0">
  <testcase name="m1" time="0.001" classname="pack1.For"/>
</testsuite> <!-- pack1.For -->
