<?xml version="1.0" encoding="UTF-8"?>
<!-- Generated by org.testng.reporters.JUnitReportReporter -->
<testsuite hostname="DESKTOP-JOJOQG5" name="pack1.C" tests="1" failures="0" timestamp="8 Oct 2017 08:07:09 GMT" time="18.674" errors="0">
  <testcase name="m1" time="18.674" classname="pack1.C"/>
</testsuite> <!-- pack1.C -->
