<?xml version="1.0" encoding="UTF-8"?>
<!-- Generated by org.testng.reporters.JUnitReportReporter -->
<testsuite hostname="DESKTOP-JOJOQG5" name="pack1.B" tests="1" failures="0" timestamp="8 Oct 2017 12:43:31 GMT" time="49.063" errors="0">
  <testcase name="m1" time="49.063" classname="pack1.B"/>
</testsuite> <!-- pack1.B -->
