<?xml version="1.0" encoding="UTF-8"?>
<!-- Generated by org.testng.reporters.JUnitReportReporter -->
<testsuite hostname="DESKTOP-JOJOQG5" name="pack1.A" tests="1" failures="0" timestamp="4 Oct 2017 11:11:07 GMT" time="14.728" errors="0">
  <testcase name="m2" time="14.728" classname="pack1.A"/>
</testsuite> <!-- pack1.A -->
